mean rating: 4.13218
total number of ratings in train: 818931
total number of ratings in test: 204772
average ratings per row: 141.806
rows > break_point1: 44.1732
rows > break_point2: 0.0692641
num movs: 5775
mean rating: 4.13218
total number of ratings in train: 818931
total number of ratings in test: 204772
average ratings per row: 1.69376
rows > break_point1: 0.0612203
rows > break_point2: 0
num users: 483500
movs -- iter 0 -- 
movs: comm cost 0%
movs: nnz unbalance: 0%	(411109 <-> 409465 <-> 407822)
movs: items unbalance: 11%	(3050 <-> 2887 <-> 2725)
movs: work unbalance: 0%	(438359 <-> 438341 <-> 438322)

movs: train nnz:	407822 / 818931
movs: test nnz:	109010 / 818931
movs: items:	3050 / 5775
movs: work:	438322 / 876681
movs -- iter 1 -- 
movs: comm cost 0%
movs: nnz unbalance: 0%	(411269 <-> 409465 <-> 407662)
movs: items unbalance: 9%	(3020 <-> 2887 <-> 2755)
movs: work unbalance: 0%	(446722 <-> 446714 <-> 446707)

movs: train nnz:	407662 / 818931
movs: test nnz:	111197 / 818931
movs: items:	3020 / 5775
movs: work:	446707 / 893429
movs -- iter 2 -- 
movs: comm cost 0%
movs: nnz unbalance: 0%	(411433 <-> 409465 <-> 407498)
movs: items unbalance: 7%	(2998 <-> 2887 <-> 2777)
movs: work unbalance: 0%	(455095 <-> 455088 <-> 455081)

movs: train nnz:	407498 / 818931
movs: test nnz:	111197 / 818931
movs: items:	2998 / 5775
movs: work:	455081 / 910176
movs domain:
0: [0:2777[
1: [2777:5775[

users -- iter 0 -- 
users: comm cost 25.0494%
users: nnz unbalance: 1%	(413218 <-> 409465 <-> 405713)
users: items unbalance: 0%	(242125 <-> 241750 <-> 241375)
users: work unbalance: 0%	(2.82697e+06 <-> 2.82697e+06 <-> 2.82696e+06)

users: train nnz:	405713 / 818931
users: test nnz:	102722 / 818931
users: items:	242125 / 483500
users: work:	2.82696e+06 / 5.65393e+06
users -- iter 1 -- 
users: comm cost 25.0441%
users: nnz unbalance: 1%	(413407 <-> 409465 <-> 405524)
users: items unbalance: 0%	(242035 <-> 241750 <-> 241465)
users: work unbalance: 0%	(3.52804e+06 <-> 3.52804e+06 <-> 3.52804e+06)

users: train nnz:	405524 / 818931
users: test nnz:	102836 / 818931
users: items:	242035 / 483500
users: work:	3.52804e+06 / 7.05608e+06
users -- iter 2 -- 
users: comm cost 25.0501%
users: nnz unbalance: 1%	(413499 <-> 409465 <-> 405432)
users: items unbalance: 0%	(241962 <-> 241750 <-> 241538)
users: work unbalance: 0%	(4.22912e+06 <-> 4.22912e+06 <-> 4.22911e+06)

users: train nnz:	405432 / 818931
users: test nnz:	102828 / 818931
users: items:	241962 / 483500
users: work:	4.22912e+06 / 8.45823e+06
users domain:
0: [0:241538[
1: [241538:483500[

movs -- iter 0 -- 
movs: comm cost 25.0671%
movs: nnz unbalance: 1%	(412526 <-> 409465 <-> 406405)
movs: items unbalance: 21%	(3195 <-> 2887 <-> 2580)
movs: work unbalance: 0%	(438355 <-> 438341 <-> 438326)

movs: train nnz:	406405 / 818931
movs: test nnz:	107587 / 818931
movs: items:	3195 / 5775
movs: work:	438355 / 876681
movs -- iter 1 -- 
movs: comm cost 25.067%
movs: nnz unbalance: 1%	(412832 <-> 409465 <-> 406099)
movs: items unbalance: 17%	(3135 <-> 2887 <-> 2640)
movs: work unbalance: 0%	(446715 <-> 446714 <-> 446714)

movs: train nnz:	406099 / 818931
movs: test nnz:	106586 / 818931
movs: items:	3135 / 5775
movs: work:	446715 / 893429
movs -- iter 2 -- 
movs: comm cost 25.0637%
movs: nnz unbalance: 1%	(413053 <-> 409465 <-> 405878)
movs: items unbalance: 13%	(3085 <-> 2887 <-> 2690)
movs: work unbalance: 0%	(455091 <-> 455088 <-> 455085)

movs: train nnz:	405878 / 818931
movs: test nnz:	106586 / 818931
movs: items:	3085 / 5775
movs: work:	455085 / 910176
movs domain:
0: [0:2690[
1: [2690:5775[

users -- iter 0 -- 
users: comm cost 25.0142%
users: nnz unbalance: 0%	(409490 <-> 409465 <-> 409441)
users: items unbalance: 0%	(241752 <-> 241750 <-> 241748)
users: work unbalance: 0%	(2.82697e+06 <-> 2.82697e+06 <-> 2.82696e+06)

users: train nnz:	409490 / 818931
users: test nnz:	102007 / 818931
users: items:	241748 / 483500
users: work:	2.82697e+06 / 5.65393e+06
users -- iter 1 -- 
users: comm cost 25.0106%
users: nnz unbalance: 0%	(409490 <-> 409465 <-> 409441)
users: items unbalance: 0%	(241753 <-> 241750 <-> 241747)
users: work unbalance: 0%	(3.52804e+06 <-> 3.52804e+06 <-> 3.52804e+06)

users: train nnz:	409441 / 818931
users: test nnz:	102055 / 818931
users: items:	241753 / 483500
users: work:	3.52804e+06 / 7.05608e+06
users -- iter 2 -- 
users: comm cost 25.0107%
users: nnz unbalance: 0%	(409616 <-> 409465 <-> 409315)
users: items unbalance: 0%	(241765 <-> 241750 <-> 241735)
users: work unbalance: 0%	(4.22912e+06 <-> 4.22912e+06 <-> 4.22911e+06)

users: train nnz:	409315 / 818931
users: test nnz:	101995 / 818931
users: items:	241765 / 483500
users: work:	4.22912e+06 / 8.45823e+06
users domain:
0: [0:241735[
1: [241735:483500[

hostname: johnpc-Lenovo-Z50-70
pid: 14251

Totals on 1:
>> communicate:	     0.0280	(32%) in	1
>> compute:	     0.0597	(68%) in	1
>> main:	     0.0878	(100%) in	1
>> movies:	     0.0878	(100%) in	1
