mean rating: 4.13218
total number of ratings in train: 818931
total number of ratings in test: 204772
average ratings per row: 141.806
rows > break_point1: 44.1732
rows > break_point2: 0.0692641
num movs: 5775
mean rating: 4.13218
total number of ratings in train: 818931
total number of ratings in test: 204772
average ratings per row: 1.69376
rows > break_point1: 0.0612203
rows > break_point2: 0
num users: 483500
movs -- iter 0 -- 
movs: comm cost 0%
movs: nnz unbalance: 2%	(207545 <-> 204732 <-> 202562)
movs: items unbalance: 34%	(1661 <-> 1443 <-> 1161)
movs: work unbalance: 0%	(219199 <-> 219170 <-> 219155)

movs: train nnz:	204855 / 818931
movs: test nnz:	46878 / 818931
movs: items:	1430 / 5775
movs: work:	219155 / 876681
movs -- iter 1 -- 
movs: comm cost 0%
movs: nnz unbalance: 2%	(207822 <-> 204732 <-> 202354)
movs: items unbalance: 27%	(1619 <-> 1443 <-> 1217)
movs: work unbalance: 0%	(223361 <-> 223357 <-> 223352)

movs: train nnz:	204890 / 818931
movs: test nnz:	48209 / 818931
movs: items:	1432 / 5775
movs: work:	223357 / 893429
movs -- iter 2 -- 
movs: comm cost 0%
movs: nnz unbalance: 2%	(208052 <-> 204732 <-> 202176)
movs: items unbalance: 22%	(1585 <-> 1443 <-> 1260)
movs: work unbalance: 0%	(227548 <-> 227544 <-> 227538)

movs: train nnz:	204913 / 818931
movs: test nnz:	48209 / 818931
movs: items:	1433 / 5775
movs: work:	227543 / 910176
movs domain:
0: [0:1433[
1: [1433:2693[
2: [2693:4278[
3: [4278:5775[

users -- iter 0 -- 
users: comm cost 18.7519%
users: nnz unbalance: 2%	(207089 <-> 204732 <-> 201428)
users: items unbalance: 0%	(121205 <-> 120875 <-> 120640)
users: work unbalance: 0%	(1.41349e+06 <-> 1.41348e+06 <-> 1.41348e+06)

users: train nnz:	207089 / 818931
users: test nnz:	51033 / 818931
users: items:	120640 / 483500
users: work:	1.41349e+06 / 5.65393e+06
users -- iter 1 -- 
users: comm cost 18.7543%
users: nnz unbalance: 2%	(207184 <-> 204732 <-> 201283)
users: items unbalance: 0%	(121124 <-> 120875 <-> 120698)
users: work unbalance: 0%	(1.76403e+06 <-> 1.76402e+06 <-> 1.76402e+06)

users: train nnz:	207184 / 818931
users: test nnz:	50997 / 818931
users: items:	120698 / 483500
users: work:	1.76402e+06 / 7.05608e+06
users -- iter 2 -- 
users: comm cost 18.7503%
users: nnz unbalance: 2%	(207189 <-> 204732 <-> 201204)
users: items unbalance: 0%	(121060 <-> 120875 <-> 120749)
users: work unbalance: 0%	(2.11456e+06 <-> 2.11456e+06 <-> 2.11456e+06)

users: train nnz:	207189 / 818931
users: test nnz:	51050 / 818931
users: items:	120749 / 483500
users: work:	2.11456e+06 / 8.45823e+06
users domain:
0: [0:120749[
1: [120749:241618[
2: [241618:362678[
3: [362678:483500[

movs -- iter 0 -- 
movs: comm cost 18.7576%
movs: nnz unbalance: 6%	(213506 <-> 204732 <-> 199830)
movs: items unbalance: 94%	(1923 <-> 1443 <-> 556)
movs: work unbalance: 0%	(219459 <-> 219170 <-> 219060)

movs: train nnz:	199830 / 818931
movs: test nnz:	81072 / 818931
movs: items:	1923 / 5775
movs: work:	219060 / 876681
movs -- iter 1 -- 
movs: comm cost 18.7588%
movs: nnz unbalance: 7%	(214243 <-> 204732 <-> 199543)
movs: items unbalance: 74%	(1824 <-> 1443 <-> 750)
movs: work unbalance: 0%	(223360 <-> 223357 <-> 223355)

movs: train nnz:	199543 / 818931
movs: test nnz:	82573 / 818931
movs: items:	1824 / 5775
movs: work:	223360 / 893429
movs -- iter 2 -- 
movs: comm cost 18.7584%
movs: nnz unbalance: 7%	(214924 <-> 204732 <-> 199231)
movs: items unbalance: 59%	(1744 <-> 1443 <-> 883)
movs: work unbalance: 0%	(227549 <-> 227544 <-> 227537)

movs: train nnz:	199231 / 818931
movs: test nnz:	82203 / 818931
movs: items:	1744 / 5775
movs: work:	227537 / 910176
movs domain:
0: [0:1744[
1: [1744:2627[
2: [2627:4136[
3: [4136:5775[

users -- iter 0 -- 
users: comm cost 18.747%
users: nnz unbalance: 2%	(206201 <-> 204732 <-> 200961)
users: items unbalance: 0%	(121252 <-> 120875 <-> 120728)
users: work unbalance: 0%	(1.41349e+06 <-> 1.41348e+06 <-> 1.41348e+06)

users: train nnz:	206201 / 818931
users: test nnz:	50896 / 818931
users: items:	120728 / 483500
users: work:	1.41348e+06 / 5.65393e+06
users -- iter 1 -- 
users: comm cost 18.7515%
users: nnz unbalance: 2%	(206211 <-> 204732 <-> 200866)
users: items unbalance: 0%	(121152 <-> 120875 <-> 120770)
users: work unbalance: 0%	(1.76402e+06 <-> 1.76402e+06 <-> 1.76402e+06)

users: train nnz:	206211 / 818931
users: test nnz:	50949 / 818931
users: items:	120770 / 483500
users: work:	1.76402e+06 / 7.05608e+06
users -- iter 2 -- 
users: comm cost 18.7502%
users: nnz unbalance: 2%	(206196 <-> 204732 <-> 200872)
users: items unbalance: 0%	(121071 <-> 120875 <-> 120796)
users: work unbalance: 0%	(2.11456e+06 <-> 2.11456e+06 <-> 2.11455e+06)

users: train nnz:	206196 / 818931
users: test nnz:	51063 / 818931
users: items:	120802 / 483500
users: work:	2.11456e+06 / 8.45823e+06
users domain:
0: [0:120802[
1: [120802:241598[
2: [241598:362429[
3: [362429:483500[

users: avg items to send per iter: 557883 / 483500: 1.15384
users: messages from -> to proc
	0	1	2	3
0	0	51190	43031	43116
1	48396	0	43313	43033
2	48596	50831	0	42807
3	48862	51178	43530	0
movs: avg items to send per iter: 14806 / 5775: 2.56381
movs: messages from -> to proc
	0	1	2	3
0	0	1489	1537	1501
1	701	0	695	685
2	1313	1311	0	1312
3	1428	1425	1409	0
hostname: johnpc-Lenovo-Z50-70
pid: 5189
num_latent: 16
nprocs: 4
nthrds: 4
nsims: 10
burnin: 5
grain_size: 1
alpha: 2
0: Burnin iteration 0:	 RMSE: 2.3313	avg RMSE: 2.3313	FU(  3.99)	FM(  4.04)	items/sec: 208815.07	ratings/sec:   0.35M
0: Burnin iteration 1:	 RMSE: 2.3313	avg RMSE: 2.3313	FU(  5.65)	FM(  5.69)	items/sec: 209015.07	ratings/sec:   0.35M
0: Burnin iteration 2:	 RMSE: 2.3313	avg RMSE: 2.3313	FU(  6.92)	FM(  6.95)	items/sec: 213497.57	ratings/sec:   0.36M
0: Burnin iteration 3:	 RMSE: 2.3313	avg RMSE: 2.3313	FU(  8.00)	FM(  8.01)	items/sec: 206271.12	ratings/sec:   0.35M
0: Burnin iteration 4:	 RMSE: 2.3313	avg RMSE: 2.3313	FU(  8.95)	FM(  8.97)	items/sec: 220991.44	ratings/sec:   0.37M
0: Sampling iteration 5:	 RMSE: 2.3313	avg RMSE: 2.3313	FU(  9.79)	FM(  9.83)	items/sec: 212807.57	ratings/sec:   0.36M
0: Sampling iteration 6:	 RMSE: 2.3313	avg RMSE: 2.3313	FU( 10.58)	FM( 10.60)	items/sec: 210226.38	ratings/sec:   0.35M
0: Sampling iteration 7:	 RMSE: 2.3313	avg RMSE: 2.3313	FU( 11.32)	FM( 11.33)	items/sec: 213722.00	ratings/sec:   0.36M
0: Sampling iteration 8:	 RMSE: 2.3313	avg RMSE: 2.3313	FU( 12.02)	FM( 12.01)	items/sec: 212725.29	ratings/sec:   0.36M
0: Sampling iteration 9:	 RMSE: 2.3313	avg RMSE: 2.3313	FU( 12.65)	FM( 12.65)	items/sec: 211268.68	ratings/sec:   0.35M
Total time: 23.0938
Final Avg RMSE: 1.56438
Average items/sec: 235482
Average ratings/sec: 394142

Totals on 0:
>> bcast:	     0.0557	(0%) in	20
>> compute:	    22.0782	(96%) in	20
>> eval:	     0.5032	(2%) in	10
>> main:	    23.0938	(100%) in	10
>> movies:	     1.0829	(5%) in	10
>> process_queue:	    20.5920	(89%) in	36336
>> users:	    21.5073	(93%) in	10
>> waitall:	     0.4095	(2%) in	20
